2025-10-24T10:06:23.088-06:00  INFO 1292 --- [patient-backend] [main] o.p.api.PatientBackendApplication        : Starting PatientBackendApplication using Java 22.0.2 with PID 1292 (C:\Users\Ruben\Documents\VSCode\patientlog-app\patient-backend\target\classes started by Ruben in C:\Users\Ruben\Documents\VSCode\patientlog-app\patient-backend)
2025-10-24T10:06:23.247-06:00  INFO 1292 --- [patient-backend] [main] o.p.api.PatientBackendApplication        : The following 1 profile is active: "dev"
2025-10-24T10:06:44.736-06:00  INFO 1292 --- [patient-backend] [main] .s.d.r.c.RepositoryConfigurationDelegate : Bootstrapping Spring Data JPA repositories in DEFAULT mode.
2025-10-24T10:06:45.059-06:00  INFO 1292 --- [patient-backend] [main] .s.d.r.c.RepositoryConfigurationDelegate : Finished Spring Data repository scanning in 251 ms. Found 3 JPA repository interfaces.
2025-10-24T10:06:52.372-06:00  INFO 1292 --- [patient-backend] [main] o.s.b.w.embedded.tomcat.TomcatWebServer  : Tomcat initialized with port 8080 (http)
2025-10-24T10:06:52.520-06:00  INFO 1292 --- [patient-backend] [main] o.apache.catalina.core.StandardService   : Starting service [Tomcat]
2025-10-24T10:06:52.522-06:00  INFO 1292 --- [patient-backend] [main] o.apache.catalina.core.StandardEngine    : Starting Servlet engine: [Apache Tomcat/10.1.46]
2025-10-24T10:06:53.157-06:00  INFO 1292 --- [patient-backend] [main] o.a.c.c.C.[Tomcat].[localhost].[/]       : Initializing Spring embedded WebApplicationContext
2025-10-24T10:06:53.159-06:00  INFO 1292 --- [patient-backend] [main] w.s.c.ServletWebServerApplicationContext : Root WebApplicationContext: initialization completed in 27923 ms
2025-10-24T10:06:55.910-06:00  INFO 1292 --- [patient-backend] [main] o.hibernate.jpa.internal.util.LogHelper  : HHH000204: Processing PersistenceUnitInfo [name: default]
2025-10-24T10:06:56.442-06:00  INFO 1292 --- [patient-backend] [main] org.hibernate.Version                    : HHH000412: Hibernate ORM core version 6.6.29.Final
2025-10-24T10:06:57.123-06:00  INFO 1292 --- [patient-backend] [main] o.h.c.internal.RegionFactoryInitiator    : HHH000026: Second-level cache disabled
2025-10-24T10:06:59.394-06:00  INFO 1292 --- [patient-backend] [main] o.s.o.j.p.SpringPersistenceUnitInfo      : No LoadTimeWeaver setup: ignoring JPA class transformer
2025-10-24T10:06:59.766-06:00  INFO 1292 --- [patient-backend] [main] com.zaxxer.hikari.HikariDataSource       : HikariPool-1 - Starting...
2025-10-24T10:07:35.598-06:00  INFO 1292 --- [patient-backend] [main] com.zaxxer.hikari.pool.HikariPool        : HikariPool-1 - Added connection com.mysql.cj.jdbc.ConnectionImpl@5b2c7186
2025-10-24T10:07:35.679-06:00  INFO 1292 --- [patient-backend] [main] com.zaxxer.hikari.HikariDataSource       : HikariPool-1 - Start completed.
2025-10-24T10:07:41.862-06:00  WARN 1292 --- [patient-backend] [main] org.hibernate.orm.deprecation            : HHH90000025: MySQLDialect does not need to be specified explicitly using 'hibernate.dialect' (remove the property setting and it will be selected by default)
2025-10-24T10:07:42.386-06:00  INFO 1292 --- [patient-backend] [main] org.hibernate.orm.connections.pooling    : HHH10001005: Database info:
	Database JDBC URL [Connecting through datasource 'HikariDataSource (HikariPool-1)']
	Database driver: undefined/unknown
	Database version: 8.0.39
	Autocommit mode: undefined/unknown
	Isolation level: undefined/unknown
	Minimum pool size: undefined/unknown
	Maximum pool size: undefined/unknown
2025-10-24T10:07:51.142-06:00  INFO 1292 --- [patient-backend] [main] o.h.e.t.j.p.i.JtaPlatformInitiator       : HHH000489: No JTA platform available (set 'hibernate.transaction.jta.platform' to enable JTA platform integration)
2025-10-24T10:07:54.828-06:00  INFO 1292 --- [patient-backend] [main] j.LocalContainerEntityManagerFactoryBean : Initialized JPA EntityManagerFactory for persistence unit 'default'
2025-10-24T10:08:01.036-06:00  WARN 1292 --- [patient-backend] [main] JpaBaseConfiguration$JpaWebConfiguration : spring.jpa.open-in-view is enabled by default. Therefore, database queries may be performed during view rendering. Explicitly configure spring.jpa.open-in-view to disable this warning
2025-10-24T10:08:01.334-06:00  INFO 1292 --- [patient-backend] [main] eAuthenticationProviderManagerConfigurer : Global AuthenticationManager configured with AuthenticationProvider bean with name authenticationProvider
2025-10-24T10:08:01.336-06:00  WARN 1292 --- [patient-backend] [main] r$InitializeUserDetailsManagerConfigurer : Global AuthenticationManager configured with an AuthenticationProvider bean. UserDetailsService beans will not be used by Spring Security for automatically configuring username/password login. Consider removing the AuthenticationProvider bean. Alternatively, consider using the UserDetailsService in a manually instantiated DaoAuthenticationProvider. If the current configuration is intentional, to turn off this warning, increase the logging level of 'org.springframework.security.config.annotation.authentication.configuration.InitializeUserDetailsBeanManagerConfigurer' to ERROR
2025-10-24T10:08:04.344-06:00  INFO 1292 --- [patient-backend] [main] o.s.b.a.e.web.EndpointLinksResolver      : Exposing 14 endpoints beneath base path '/actuator'
2025-10-24T10:08:05.679-06:00  INFO 1292 --- [patient-backend] [main] o.s.v.b.OptionalValidatorFactoryBean     : Failed to set up a Bean Validation provider: jakarta.validation.NoProviderFoundException: Unable to create a Configuration, because no Jakarta Bean Validation provider could be found. Add a provider like Hibernate Validator (RI) to your classpath.
2025-10-24T10:08:16.108-06:00  INFO 1292 --- [patient-backend] [main] o.s.b.w.embedded.tomcat.TomcatWebServer  : Tomcat started on port 8080 (http) with context path '/'
2025-10-24T10:08:16.305-06:00  INFO 1292 --- [patient-backend] [main] o.p.api.PatientBackendApplication        : Started PatientBackendApplication in 129.997 seconds (process running for 144.224)
2025-10-24T10:09:29.290-06:00  INFO 1292 --- [patient-backend] [SpringApplicationShutdownHook] o.s.b.w.e.tomcat.GracefulShutdown        : Commencing graceful shutdown. Waiting for active requests to complete
2025-10-24T10:09:29.427-06:00  INFO 1292 --- [patient-backend] [tomcat-shutdown] o.s.b.w.e.tomcat.GracefulShutdown        : Graceful shutdown complete
2025-10-24T10:09:29.608-06:00  INFO 1292 --- [patient-backend] [SpringApplicationShutdownHook] j.LocalContainerEntityManagerFactoryBean : Closing JPA EntityManagerFactory for persistence unit 'default'
2025-10-24T10:09:29.689-06:00  INFO 1292 --- [patient-backend] [SpringApplicationShutdownHook] com.zaxxer.hikari.HikariDataSource       : HikariPool-1 - Shutdown initiated...
2025-10-24T10:09:30.103-06:00  INFO 1292 --- [patient-backend] [SpringApplicationShutdownHook] com.zaxxer.hikari.HikariDataSource       : HikariPool-1 - Shutdown completed.
2025-10-24T10:45:47.599-06:00  INFO 12304 --- [patient-backend] [main] o.p.api.PatientBackendApplication        : Starting PatientBackendApplication using Java 22.0.2 with PID 12304 (C:\Users\Ruben\Documents\VSCode\patientlog-app\patient-backend\target\classes started by Ruben in C:\Users\Ruben\Documents\VSCode\patientlog-app\patient-backend)
2025-10-24T10:45:47.730-06:00  INFO 12304 --- [patient-backend] [main] o.p.api.PatientBackendApplication        : The following 1 profile is active: "dev"
2025-10-24T10:45:58.318-06:00  INFO 12304 --- [patient-backend] [main] .s.d.r.c.RepositoryConfigurationDelegate : Bootstrapping Spring Data JPA repositories in DEFAULT mode.
2025-10-24T10:45:58.622-06:00  INFO 12304 --- [patient-backend] [main] .s.d.r.c.RepositoryConfigurationDelegate : Finished Spring Data repository scanning in 267 ms. Found 3 JPA repository interfaces.
2025-10-24T10:46:02.252-06:00  INFO 12304 --- [patient-backend] [main] o.s.b.w.embedded.tomcat.TomcatWebServer  : Tomcat initialized with port 8080 (http)
2025-10-24T10:46:02.345-06:00  INFO 12304 --- [patient-backend] [main] o.apache.catalina.core.StandardService   : Starting service [Tomcat]
2025-10-24T10:46:02.346-06:00  INFO 12304 --- [patient-backend] [main] o.apache.catalina.core.StandardEngine    : Starting Servlet engine: [Apache Tomcat/10.1.46]
2025-10-24T10:46:02.907-06:00  INFO 12304 --- [patient-backend] [main] o.a.c.c.C.[Tomcat].[localhost].[/]       : Initializing Spring embedded WebApplicationContext
2025-10-24T10:46:02.909-06:00  INFO 12304 --- [patient-backend] [main] w.s.c.ServletWebServerApplicationContext : Root WebApplicationContext: initialization completed in 14210 ms
2025-10-24T10:46:04.461-06:00  INFO 12304 --- [patient-backend] [main] o.hibernate.jpa.internal.util.LogHelper  : HHH000204: Processing PersistenceUnitInfo [name: default]
2025-10-24T10:46:04.738-06:00  INFO 12304 --- [patient-backend] [main] org.hibernate.Version                    : HHH000412: Hibernate ORM core version 6.6.29.Final
2025-10-24T10:46:05.002-06:00  INFO 12304 --- [patient-backend] [main] o.h.c.internal.RegionFactoryInitiator    : HHH000026: Second-level cache disabled
2025-10-24T10:46:06.595-06:00  INFO 12304 --- [patient-backend] [main] o.s.o.j.p.SpringPersistenceUnitInfo      : No LoadTimeWeaver setup: ignoring JPA class transformer
2025-10-24T10:46:06.887-06:00  INFO 12304 --- [patient-backend] [main] com.zaxxer.hikari.HikariDataSource       : HikariPool-1 - Starting...
2025-10-24T10:46:09.076-06:00  INFO 12304 --- [patient-backend] [main] com.zaxxer.hikari.pool.HikariPool        : HikariPool-1 - Added connection com.mysql.cj.jdbc.ConnectionImpl@64f33dee
2025-10-24T10:46:09.081-06:00  INFO 12304 --- [patient-backend] [main] com.zaxxer.hikari.HikariDataSource       : HikariPool-1 - Start completed.
2025-10-24T10:46:09.478-06:00  WARN 12304 --- [patient-backend] [main] org.hibernate.orm.deprecation            : HHH90000025: MySQLDialect does not need to be specified explicitly using 'hibernate.dialect' (remove the property setting and it will be selected by default)
2025-10-24T10:46:09.625-06:00  INFO 12304 --- [patient-backend] [main] org.hibernate.orm.connections.pooling    : HHH10001005: Database info:
	Database JDBC URL [Connecting through datasource 'HikariDataSource (HikariPool-1)']
	Database driver: undefined/unknown
	Database version: 8.0.39
	Autocommit mode: undefined/unknown
	Isolation level: undefined/unknown
	Minimum pool size: undefined/unknown
	Maximum pool size: undefined/unknown
2025-10-24T10:46:12.828-06:00  INFO 12304 --- [patient-backend] [main] o.h.e.t.j.p.i.JtaPlatformInitiator       : HHH000489: No JTA platform available (set 'hibernate.transaction.jta.platform' to enable JTA platform integration)
2025-10-24T10:46:13.138-06:00  INFO 12304 --- [patient-backend] [main] j.LocalContainerEntityManagerFactoryBean : Initialized JPA EntityManagerFactory for persistence unit 'default'
2025-10-24T10:46:15.198-06:00  WARN 12304 --- [patient-backend] [main] JpaBaseConfiguration$JpaWebConfiguration : spring.jpa.open-in-view is enabled by default. Therefore, database queries may be performed during view rendering. Explicitly configure spring.jpa.open-in-view to disable this warning
2025-10-24T10:46:15.402-06:00  INFO 12304 --- [patient-backend] [main] eAuthenticationProviderManagerConfigurer : Global AuthenticationManager configured with AuthenticationProvider bean with name authenticationProvider
2025-10-24T10:46:15.405-06:00  WARN 12304 --- [patient-backend] [main] r$InitializeUserDetailsManagerConfigurer : Global AuthenticationManager configured with an AuthenticationProvider bean. UserDetailsService beans will not be used by Spring Security for automatically configuring username/password login. Consider removing the AuthenticationProvider bean. Alternatively, consider using the UserDetailsService in a manually instantiated DaoAuthenticationProvider. If the current configuration is intentional, to turn off this warning, increase the logging level of 'org.springframework.security.config.annotation.authentication.configuration.InitializeUserDetailsBeanManagerConfigurer' to ERROR
2025-10-24T10:46:17.549-06:00  INFO 12304 --- [patient-backend] [main] o.s.b.a.e.web.EndpointLinksResolver      : Exposing 14 endpoints beneath base path '/actuator'
2025-10-24T10:46:17.906-06:00  INFO 12304 --- [patient-backend] [main] o.s.v.b.OptionalValidatorFactoryBean     : Failed to set up a Bean Validation provider: jakarta.validation.NoProviderFoundException: Unable to create a Configuration, because no Jakarta Bean Validation provider could be found. Add a provider like Hibernate Validator (RI) to your classpath.
2025-10-24T10:46:19.745-06:00  INFO 12304 --- [patient-backend] [main] o.s.b.w.embedded.tomcat.TomcatWebServer  : Tomcat started on port 8080 (http) with context path '/'
2025-10-24T10:46:19.781-06:00  INFO 12304 --- [patient-backend] [main] o.p.api.PatientBackendApplication        : Started PatientBackendApplication in 36.569 seconds (process running for 37.982)
2025-10-24T10:56:43.866-06:00  INFO 12304 --- [patient-backend] [http-nio-8080-exec-1] o.a.c.c.C.[Tomcat].[localhost].[/]       : Initializing Spring DispatcherServlet 'dispatcherServlet'
2025-10-24T10:56:43.868-06:00  INFO 12304 --- [patient-backend] [http-nio-8080-exec-1] o.s.web.servlet.DispatcherServlet        : Initializing Servlet 'dispatcherServlet'
2025-10-24T10:56:43.872-06:00  INFO 12304 --- [patient-backend] [http-nio-8080-exec-1] o.s.web.servlet.DispatcherServlet        : Completed initialization in 4 ms
2025-10-24T10:56:45.303-06:00  INFO 12304 --- [patient-backend] [http-nio-8080-exec-2] o.p.a.security.CustomUserDetailsService  : Validating user: admin
2025-10-24T10:56:47.642-06:00  INFO 12304 --- [patient-backend] [http-nio-8080-exec-4] o.p.a.security.CustomUserDetailsService  : Validating user: admin
2025-10-24T10:58:12.208-06:00  INFO 12304 --- [patient-backend] [http-nio-8080-exec-8] o.p.a.security.CustomUserDetailsService  : Validating user: consultor
2025-10-24T10:58:12.640-06:00  INFO 12304 --- [patient-backend] [http-nio-8080-exec-10] o.p.a.security.CustomUserDetailsService  : Validating user: consultor
2025-10-24T10:58:19.502-06:00  INFO 12304 --- [patient-backend] [http-nio-8080-exec-3] o.p.a.security.CustomUserDetailsService  : Validating user: 123
2025-10-24T10:58:19.570-06:00  WARN 12304 --- [patient-backend] [http-nio-8080-exec-3] o.p.a.c.CustomAuthenticationEntryPoint   : Authentication failed: User not found with username: 123
2025-10-24T11:10:40.930-06:00  INFO 12304 --- [patient-backend] [SpringApplicationShutdownHook] o.s.b.w.e.tomcat.GracefulShutdown        : Commencing graceful shutdown. Waiting for active requests to complete
2025-10-24T11:10:41.045-06:00  INFO 12304 --- [patient-backend] [tomcat-shutdown] o.s.b.w.e.tomcat.GracefulShutdown        : Graceful shutdown complete
2025-10-24T11:10:41.414-06:00  INFO 12304 --- [patient-backend] [SpringApplicationShutdownHook] j.LocalContainerEntityManagerFactoryBean : Closing JPA EntityManagerFactory for persistence unit 'default'
2025-10-24T11:10:41.953-06:00  INFO 12304 --- [patient-backend] [SpringApplicationShutdownHook] com.zaxxer.hikari.HikariDataSource       : HikariPool-1 - Shutdown initiated...
2025-10-24T11:10:42.551-06:00  INFO 12304 --- [patient-backend] [SpringApplicationShutdownHook] com.zaxxer.hikari.HikariDataSource       : HikariPool-1 - Shutdown completed.
